<?xml version="1.0" encoding="UTF-8"?>
<testng-results ignored="0" total="2" passed="2" failed="0" skipped="0">
  <reporter-output>
  </reporter-output>
  <suite started-at="2024-02-28T08:55:15 IST" name="Default suite" finished-at="2024-02-28T08:55:15 IST" duration-ms="66">
    <groups>
    </groups>
    <test started-at="2024-02-28T08:55:15 IST" name="Default test" finished-at="2024-02-28T08:55:15 IST" duration-ms="66">
      <class name="branch3.sample3">
        <test-method signature="display()[pri:0, instance:branch3.sample3@4fb0f2b9]" started-at="2024-02-28T08:55:15 IST" name="display" finished-at="2024-02-28T08:55:15 IST" duration-ms="8" status="PASS">
          <reporter-output>
          </reporter-output>
        </test-method> <!-- display -->
        <test-method signature="show()[pri:0, instance:branch3.sample3@4fb0f2b9]" started-at="2024-02-28T08:55:15 IST" name="show" finished-at="2024-02-28T08:55:15 IST" duration-ms="2" status="PASS">
          <reporter-output>
          </reporter-output>
        </test-method> <!-- show -->
      </class> <!-- branch3.sample3 -->
    </test> <!-- Default test -->
  </suite> <!-- Default suite -->
</testng-results>
