<?xml version="1.0" encoding="UTF-8"?>
<testng-results ignored="0" total="1" passed="1" failed="0" skipped="0">
  <reporter-output>
  </reporter-output>
  <suite started-at="2024-02-28T08:40:36 IST" name="Default suite" finished-at="2024-02-28T08:40:36 IST" duration-ms="77">
    <groups>
    </groups>
    <test started-at="2024-02-28T08:40:36 IST" name="Default test" finished-at="2024-02-28T08:40:36 IST" duration-ms="77">
      <class name="branch1.sample1">
        <test-method signature="show()[pri:0, instance:branch1.sample1@222545dc]" started-at="2024-02-28T08:40:36 IST" name="show" finished-at="2024-02-28T08:40:36 IST" duration-ms="9" status="PASS">
          <reporter-output>
          </reporter-output>
        </test-method> <!-- show -->
      </class> <!-- branch1.sample1 -->
    </test> <!-- Default test -->
  </suite> <!-- Default suite -->
</testng-results>
